<?xml version="1.0" encoding="UTF-8"?>
<TestRun id="29f2ecea-85c4-40a3-b6a5-275560531821" name="Administrator@MSSQLSERVER008 2022-06-11 19:00:45" runUser="MSSQLSERVER008\Administrator" xmlns="http://microsoft.com/schemas/VisualStudio/TeamTest/2006">
  <TestRunConfiguration name="Local Test Run" id="bd454a8c-6d30-410a-8ddd-a96b5ebeade3">
    <Description>This is a default test run configuration for a local test run.</Description>
    <Deployment runDeploymentRoot="C:\Users\Administrator\Pictures\Projekt_BD2_nr1\Projekt_BD2_nr1\Projekt_BD2_nr1\TwoDimensionalTypeData\TestResults\Administrator_MSSQLSERVER008 2022-06-11 19_00_45" />
    <TestTypeSpecific />
  </TestRunConfiguration>
  <ResultSummary outcome="Failed">
    <Counters total="15" executed="15" passed="13" error="0" failed="2" timeout="0" aborted="0" inconclusive="0" passedButRunAborted="0" notRunnable="0" notExecuted="0" disconnected="0" warning="0" completed="0" inProgress="0" pending="0" />
  </ResultSummary>
  <Times creation="2022-06-11T19:00:45.8238918+02:00" queuing="2022-06-11T19:00:49.4488918+02:00" start="2022-06-11T19:00:49.7968918+02:00" finish="2022-06-11T19:00:52.6228918+02:00" />
  <TestDefinitions>
    <UnitTest name="TestInsertWithLessThan3VerticesToPolygon" storage="c:\users\administrator\pictures\projekt_bd2_nr1\projekt_bd2_nr1\projekt_bd2_nr1\twodimensionaltypedata\twodimensionalunittests\bin\debug\unittests.dll" id="e82c0de2-105f-b7bf-4ead-1af9dbf81c9a">
      <Css projectStructure="" iteration="" />
      <Owners>
        <Owner name="" />
      </Owners>
      <Execution id="02b71213-3a2d-4d66-8cfe-a703f0e7fe05" />
      <TestMethod codeBase="C:\Users\Administrator\Pictures\Projekt_BD2_nr1\Projekt_BD2_nr1\Projekt_BD2_nr1\TwoDimensionalTypeData\TwoDimensionalUnitTests\bin\Debug\UnitTests.dll" adapterTypeName="Microsoft.VisualStudio.TestTools.TestTypes.Unit.UnitTestAdapter, Microsoft.VisualStudio.QualityTools.Tips.UnitTest.Adapter, Version=9.0.0.0, Culture=neutral, PublicKeyToken=b03f5f7f11d50a3a" className="TwoDimensionalUnitTests.PolygonTests, UnitTests" name="TestInsertWithLessThan3VerticesToPolygon" />
    </UnitTest>
    <UnitTest name="TestPointToString" storage="c:\users\administrator\pictures\projekt_bd2_nr1\projekt_bd2_nr1\projekt_bd2_nr1\twodimensionaltypedata\twodimensionalunittests\bin\debug\unittests.dll" id="85d903ef-e8af-53fa-d968-0206a904f44e">
      <Css projectStructure="" iteration="" />
      <Owners>
        <Owner name="" />
      </Owners>
      <Execution id="8c1abb60-c3a6-4dad-b325-d80a4e16fa2d" />
      <TestMethod codeBase="C:\Users\Administrator\Pictures\Projekt_BD2_nr1\Projekt_BD2_nr1\Projekt_BD2_nr1\TwoDimensionalTypeData\TwoDimensionalUnitTests\bin\Debug\UnitTests.dll" adapterTypeName="Microsoft.VisualStudio.TestTools.TestTypes.Unit.UnitTestAdapter, Microsoft.VisualStudio.QualityTools.Tips.UnitTest.Adapter, Version=9.0.0.0, Culture=neutral, PublicKeyToken=b03f5f7f11d50a3a" className="TwoDimensionalUnitTests.PointTests, UnitTests" name="TestPointToString" />
    </UnitTest>
    <UnitTest name="TestAreaOfPolygon" storage="c:\users\administrator\pictures\projekt_bd2_nr1\projekt_bd2_nr1\projekt_bd2_nr1\twodimensionaltypedata\twodimensionalunittests\bin\debug\unittests.dll" id="f314c195-ac22-0b37-d4cb-c3d78603d852">
      <Css projectStructure="" iteration="" />
      <Owners>
        <Owner name="" />
      </Owners>
      <Execution id="8e22facf-6812-4f0e-b837-c62809a22313" />
      <TestMethod codeBase="C:\Users\Administrator\Pictures\Projekt_BD2_nr1\Projekt_BD2_nr1\Projekt_BD2_nr1\TwoDimensionalTypeData\TwoDimensionalUnitTests\bin\Debug\UnitTests.dll" adapterTypeName="Microsoft.VisualStudio.TestTools.TestTypes.Unit.UnitTestAdapter, Microsoft.VisualStudio.QualityTools.Tips.UnitTest.Adapter, Version=9.0.0.0, Culture=neutral, PublicKeyToken=b03f5f7f11d50a3a" className="TwoDimensionalUnitTests.PolygonTests, UnitTests" name="TestAreaOfPolygon" />
    </UnitTest>
    <UnitTest name="TestInsertWithEqualVerticesToPolygon" storage="c:\users\administrator\pictures\projekt_bd2_nr1\projekt_bd2_nr1\projekt_bd2_nr1\twodimensionaltypedata\twodimensionalunittests\bin\debug\unittests.dll" id="b8c1d272-aad1-fc85-0663-60cb73a59f47">
      <Css projectStructure="" iteration="" />
      <Owners>
        <Owner name="" />
      </Owners>
      <Execution id="d0507f48-0dbc-46eb-9f23-237400393103" />
      <TestMethod codeBase="C:\Users\Administrator\Pictures\Projekt_BD2_nr1\Projekt_BD2_nr1\Projekt_BD2_nr1\TwoDimensionalTypeData\TwoDimensionalUnitTests\bin\Debug\UnitTests.dll" adapterTypeName="Microsoft.VisualStudio.TestTools.TestTypes.Unit.UnitTestAdapter, Microsoft.VisualStudio.QualityTools.Tips.UnitTest.Adapter, Version=9.0.0.0, Culture=neutral, PublicKeyToken=b03f5f7f11d50a3a" className="TwoDimensionalUnitTests.PolygonTests, UnitTests" name="TestInsertWithEqualVerticesToPolygon" />
    </UnitTest>
    <UnitTest name="TestGetXFromPoint" storage="c:\users\administrator\pictures\projekt_bd2_nr1\projekt_bd2_nr1\projekt_bd2_nr1\twodimensionaltypedata\twodimensionalunittests\bin\debug\unittests.dll" id="f4679840-e4d2-7c15-7c41-edc70f922329">
      <Css projectStructure="" iteration="" />
      <Owners>
        <Owner name="" />
      </Owners>
      <Execution id="d1337cc4-2b79-4946-8368-ae9ce224208c" />
      <TestMethod codeBase="C:\Users\Administrator\Pictures\Projekt_BD2_nr1\Projekt_BD2_nr1\Projekt_BD2_nr1\TwoDimensionalTypeData\TwoDimensionalUnitTests\bin\Debug\UnitTests.dll" adapterTypeName="Microsoft.VisualStudio.TestTools.TestTypes.Unit.UnitTestAdapter, Microsoft.VisualStudio.QualityTools.Tips.UnitTest.Adapter, Version=9.0.0.0, Culture=neutral, PublicKeyToken=b03f5f7f11d50a3a" className="TwoDimensionalUnitTests.PointTests, UnitTests" name="TestGetXFromPoint" />
    </UnitTest>
    <UnitTest name="TestDistanceOfPoints" storage="c:\users\administrator\pictures\projekt_bd2_nr1\projekt_bd2_nr1\projekt_bd2_nr1\twodimensionaltypedata\twodimensionalunittests\bin\debug\unittests.dll" id="1b89ed30-7d36-096c-90f9-de459941a913">
      <Css projectStructure="" iteration="" />
      <Owners>
        <Owner name="" />
      </Owners>
      <Execution id="9ef8fdb5-a131-4814-a642-608ade8ad5de" />
      <TestMethod codeBase="C:\Users\Administrator\Pictures\Projekt_BD2_nr1\Projekt_BD2_nr1\Projekt_BD2_nr1\TwoDimensionalTypeData\TwoDimensionalUnitTests\bin\Debug\UnitTests.dll" adapterTypeName="Microsoft.VisualStudio.TestTools.TestTypes.Unit.UnitTestAdapter, Microsoft.VisualStudio.QualityTools.Tips.UnitTest.Adapter, Version=9.0.0.0, Culture=neutral, PublicKeyToken=b03f5f7f11d50a3a" className="TwoDimensionalUnitTests.PointTests, UnitTests" name="TestDistanceOfPoints" />
    </UnitTest>
    <UnitTest name="TestTruePolygonInsert" storage="c:\users\administrator\pictures\projekt_bd2_nr1\projekt_bd2_nr1\projekt_bd2_nr1\twodimensionaltypedata\twodimensionalunittests\bin\debug\unittests.dll" id="9c212210-d323-0e8a-267b-5f000d05bb32">
      <Css projectStructure="" iteration="" />
      <Owners>
        <Owner name="" />
      </Owners>
      <Execution id="0c7a61d9-fab4-43ad-8c84-729aa091bfac" />
      <TestMethod codeBase="C:\Users\Administrator\Pictures\Projekt_BD2_nr1\Projekt_BD2_nr1\Projekt_BD2_nr1\TwoDimensionalTypeData\TwoDimensionalUnitTests\bin\Debug\UnitTests.dll" adapterTypeName="Microsoft.VisualStudio.TestTools.TestTypes.Unit.UnitTestAdapter, Microsoft.VisualStudio.QualityTools.Tips.UnitTest.Adapter, Version=9.0.0.0, Culture=neutral, PublicKeyToken=b03f5f7f11d50a3a" className="TwoDimensionalUnitTests.PolygonTests, UnitTests" name="TestTruePolygonInsert" />
    </UnitTest>
    <UnitTest name="TestGetYFromPoint" storage="c:\users\administrator\pictures\projekt_bd2_nr1\projekt_bd2_nr1\projekt_bd2_nr1\twodimensionaltypedata\twodimensionalunittests\bin\debug\unittests.dll" id="3ae32d2e-2a4a-6d8c-97c9-f9a48b062efa">
      <Css projectStructure="" iteration="" />
      <Owners>
        <Owner name="" />
      </Owners>
      <Execution id="f0e7d43a-01de-43d0-84ce-6ee1ac2a62c1" />
      <TestMethod codeBase="C:\Users\Administrator\Pictures\Projekt_BD2_nr1\Projekt_BD2_nr1\Projekt_BD2_nr1\TwoDimensionalTypeData\TwoDimensionalUnitTests\bin\Debug\UnitTests.dll" adapterTypeName="Microsoft.VisualStudio.TestTools.TestTypes.Unit.UnitTestAdapter, Microsoft.VisualStudio.QualityTools.Tips.UnitTest.Adapter, Version=9.0.0.0, Culture=neutral, PublicKeyToken=b03f5f7f11d50a3a" className="TwoDimensionalUnitTests.PointTests, UnitTests" name="TestGetYFromPoint" />
    </UnitTest>
    <UnitTest name="TestPolygonTryToInsertStringPoint" storage="c:\users\administrator\pictures\projekt_bd2_nr1\projekt_bd2_nr1\projekt_bd2_nr1\twodimensionaltypedata\twodimensionalunittests\bin\debug\unittests.dll" id="6622d7b8-e194-21a5-e5b7-d9d180c60f5f">
      <Css projectStructure="" iteration="" />
      <Owners>
        <Owner name="" />
      </Owners>
      <Execution id="c8692baf-4830-411f-9728-5f194b763f30" />
      <TestMethod codeBase="C:\Users\Administrator\Pictures\Projekt_BD2_nr1\Projekt_BD2_nr1\Projekt_BD2_nr1\TwoDimensionalTypeData\TwoDimensionalUnitTests\bin\Debug\UnitTests.dll" adapterTypeName="Microsoft.VisualStudio.TestTools.TestTypes.Unit.UnitTestAdapter, Microsoft.VisualStudio.QualityTools.Tips.UnitTest.Adapter, Version=9.0.0.0, Culture=neutral, PublicKeyToken=b03f5f7f11d50a3a" className="TwoDimensionalUnitTests.PolygonTests, UnitTests" name="TestPolygonTryToInsertStringPoint" />
    </UnitTest>
    <UnitTest name="TestFalseForPolygonPointInside" storage="c:\users\administrator\pictures\projekt_bd2_nr1\projekt_bd2_nr1\projekt_bd2_nr1\twodimensionaltypedata\twodimensionalunittests\bin\debug\unittests.dll" id="1b4dbf96-9731-e576-ff96-e31b8a60f6f5">
      <Css projectStructure="" iteration="" />
      <Owners>
        <Owner name="" />
      </Owners>
      <Execution id="962cf602-213f-47e2-8e00-e65a1aab531e" />
      <TestMethod codeBase="C:\Users\Administrator\Pictures\Projekt_BD2_nr1\Projekt_BD2_nr1\Projekt_BD2_nr1\TwoDimensionalTypeData\TwoDimensionalUnitTests\bin\Debug\UnitTests.dll" adapterTypeName="Microsoft.VisualStudio.TestTools.TestTypes.Unit.UnitTestAdapter, Microsoft.VisualStudio.QualityTools.Tips.UnitTest.Adapter, Version=9.0.0.0, Culture=neutral, PublicKeyToken=b03f5f7f11d50a3a" className="TwoDimensionalUnitTests.PolygonTests, UnitTests" name="TestFalseForPolygonPointInside" />
    </UnitTest>
    <UnitTest name="TestPolygonToString" storage="c:\users\administrator\pictures\projekt_bd2_nr1\projekt_bd2_nr1\projekt_bd2_nr1\twodimensionaltypedata\twodimensionalunittests\bin\debug\unittests.dll" id="c4e17b35-ede1-86ba-1c61-22118f93737d">
      <Css projectStructure="" iteration="" />
      <Owners>
        <Owner name="" />
      </Owners>
      <Execution id="951291ad-e338-410a-b720-0312ab5b1500" />
      <TestMethod codeBase="C:\Users\Administrator\Pictures\Projekt_BD2_nr1\Projekt_BD2_nr1\Projekt_BD2_nr1\TwoDimensionalTypeData\TwoDimensionalUnitTests\bin\Debug\UnitTests.dll" adapterTypeName="Microsoft.VisualStudio.TestTools.TestTypes.Unit.UnitTestAdapter, Microsoft.VisualStudio.QualityTools.Tips.UnitTest.Adapter, Version=9.0.0.0, Culture=neutral, PublicKeyToken=b03f5f7f11d50a3a" className="TwoDimensionalUnitTests.PolygonTests, UnitTests" name="TestPolygonToString" />
    </UnitTest>
    <UnitTest name="TestPointTryToInsertDoublePoint" storage="c:\users\administrator\pictures\projekt_bd2_nr1\projekt_bd2_nr1\projekt_bd2_nr1\twodimensionaltypedata\twodimensionalunittests\bin\debug\unittests.dll" id="a5968590-10f2-dacf-bc06-bebef087cbe4">
      <Css projectStructure="" iteration="" />
      <Owners>
        <Owner name="" />
      </Owners>
      <Execution id="af33a402-478c-4144-a3c1-d434a181f10c" />
      <TestMethod codeBase="C:\Users\Administrator\Pictures\Projekt_BD2_nr1\Projekt_BD2_nr1\Projekt_BD2_nr1\TwoDimensionalTypeData\TwoDimensionalUnitTests\bin\Debug\UnitTests.dll" adapterTypeName="Microsoft.VisualStudio.TestTools.TestTypes.Unit.UnitTestAdapter, Microsoft.VisualStudio.QualityTools.Tips.UnitTest.Adapter, Version=9.0.0.0, Culture=neutral, PublicKeyToken=b03f5f7f11d50a3a" className="TwoDimensionalUnitTests.PointTests, UnitTests" name="TestPointTryToInsertDoublePoint" />
    </UnitTest>
    <UnitTest name="TestPolygonTryToInsertDoublePoint" storage="c:\users\administrator\pictures\projekt_bd2_nr1\projekt_bd2_nr1\projekt_bd2_nr1\twodimensionaltypedata\twodimensionalunittests\bin\debug\unittests.dll" id="29a6a959-8879-2661-69a9-22f21618a378">
      <Css projectStructure="" iteration="" />
      <Owners>
        <Owner name="" />
      </Owners>
      <Execution id="b0ee79d4-7298-4230-aa6d-a576eb271340" />
      <TestMethod codeBase="C:\Users\Administrator\Pictures\Projekt_BD2_nr1\Projekt_BD2_nr1\Projekt_BD2_nr1\TwoDimensionalTypeData\TwoDimensionalUnitTests\bin\Debug\UnitTests.dll" adapterTypeName="Microsoft.VisualStudio.TestTools.TestTypes.Unit.UnitTestAdapter, Microsoft.VisualStudio.QualityTools.Tips.UnitTest.Adapter, Version=9.0.0.0, Culture=neutral, PublicKeyToken=b03f5f7f11d50a3a" className="TwoDimensionalUnitTests.PolygonTests, UnitTests" name="TestPolygonTryToInsertDoublePoint" />
    </UnitTest>
    <UnitTest name="TestPointTryToInsertStringPoint" storage="c:\users\administrator\pictures\projekt_bd2_nr1\projekt_bd2_nr1\projekt_bd2_nr1\twodimensionaltypedata\twodimensionalunittests\bin\debug\unittests.dll" id="9d41b0b6-7b2e-1651-d7ab-4d423a17f002">
      <Css projectStructure="" iteration="" />
      <Owners>
        <Owner name="" />
      </Owners>
      <Execution id="645ff388-aeab-4dde-bbf5-ef802ba5b4a1" />
      <TestMethod codeBase="C:\Users\Administrator\Pictures\Projekt_BD2_nr1\Projekt_BD2_nr1\Projekt_BD2_nr1\TwoDimensionalTypeData\TwoDimensionalUnitTests\bin\Debug\UnitTests.dll" adapterTypeName="Microsoft.VisualStudio.TestTools.TestTypes.Unit.UnitTestAdapter, Microsoft.VisualStudio.QualityTools.Tips.UnitTest.Adapter, Version=9.0.0.0, Culture=neutral, PublicKeyToken=b03f5f7f11d50a3a" className="TwoDimensionalUnitTests.PointTests, UnitTests" name="TestPointTryToInsertStringPoint" />
    </UnitTest>
    <UnitTest name="TestTrueForPolygonPointInside" storage="c:\users\administrator\pictures\projekt_bd2_nr1\projekt_bd2_nr1\projekt_bd2_nr1\twodimensionaltypedata\twodimensionalunittests\bin\debug\unittests.dll" id="63913b23-6834-88a6-6920-cee4fe6abc21">
      <Css projectStructure="" iteration="" />
      <Owners>
        <Owner name="" />
      </Owners>
      <Execution id="6900be2f-6f99-4506-9fdc-52ba2bdaa839" />
      <TestMethod codeBase="C:\Users\Administrator\Pictures\Projekt_BD2_nr1\Projekt_BD2_nr1\Projekt_BD2_nr1\TwoDimensionalTypeData\TwoDimensionalUnitTests\bin\Debug\UnitTests.dll" adapterTypeName="Microsoft.VisualStudio.TestTools.TestTypes.Unit.UnitTestAdapter, Microsoft.VisualStudio.QualityTools.Tips.UnitTest.Adapter, Version=9.0.0.0, Culture=neutral, PublicKeyToken=b03f5f7f11d50a3a" className="TwoDimensionalUnitTests.PolygonTests, UnitTests" name="TestTrueForPolygonPointInside" />
    </UnitTest>
  </TestDefinitions>
  <TestLists>
    <TestList name="Results Not in a List" id="8c84fa94-04c1-424b-9868-57a2d4851a1d" />
    <TestList name="All Loaded Results" id="19431567-8539-422a-85d7-44ee4e166bda" />
  </TestLists>
  <TestEntries>
    <TestEntry testId="1b4dbf96-9731-e576-ff96-e31b8a60f6f5" executionId="962cf602-213f-47e2-8e00-e65a1aab531e" testListId="8c84fa94-04c1-424b-9868-57a2d4851a1d" />
    <TestEntry testId="1b89ed30-7d36-096c-90f9-de459941a913" executionId="9ef8fdb5-a131-4814-a642-608ade8ad5de" testListId="8c84fa94-04c1-424b-9868-57a2d4851a1d" />
    <TestEntry testId="29a6a959-8879-2661-69a9-22f21618a378" executionId="b0ee79d4-7298-4230-aa6d-a576eb271340" testListId="8c84fa94-04c1-424b-9868-57a2d4851a1d" />
    <TestEntry testId="3ae32d2e-2a4a-6d8c-97c9-f9a48b062efa" executionId="f0e7d43a-01de-43d0-84ce-6ee1ac2a62c1" testListId="8c84fa94-04c1-424b-9868-57a2d4851a1d" />
    <TestEntry testId="63913b23-6834-88a6-6920-cee4fe6abc21" executionId="6900be2f-6f99-4506-9fdc-52ba2bdaa839" testListId="8c84fa94-04c1-424b-9868-57a2d4851a1d" />
    <TestEntry testId="6622d7b8-e194-21a5-e5b7-d9d180c60f5f" executionId="c8692baf-4830-411f-9728-5f194b763f30" testListId="8c84fa94-04c1-424b-9868-57a2d4851a1d" />
    <TestEntry testId="85d903ef-e8af-53fa-d968-0206a904f44e" executionId="8c1abb60-c3a6-4dad-b325-d80a4e16fa2d" testListId="8c84fa94-04c1-424b-9868-57a2d4851a1d" />
    <TestEntry testId="9c212210-d323-0e8a-267b-5f000d05bb32" executionId="0c7a61d9-fab4-43ad-8c84-729aa091bfac" testListId="8c84fa94-04c1-424b-9868-57a2d4851a1d" />
    <TestEntry testId="9d41b0b6-7b2e-1651-d7ab-4d423a17f002" executionId="645ff388-aeab-4dde-bbf5-ef802ba5b4a1" testListId="8c84fa94-04c1-424b-9868-57a2d4851a1d" />
    <TestEntry testId="a5968590-10f2-dacf-bc06-bebef087cbe4" executionId="af33a402-478c-4144-a3c1-d434a181f10c" testListId="8c84fa94-04c1-424b-9868-57a2d4851a1d" />
    <TestEntry testId="b8c1d272-aad1-fc85-0663-60cb73a59f47" executionId="d0507f48-0dbc-46eb-9f23-237400393103" testListId="8c84fa94-04c1-424b-9868-57a2d4851a1d" />
    <TestEntry testId="c4e17b35-ede1-86ba-1c61-22118f93737d" executionId="951291ad-e338-410a-b720-0312ab5b1500" testListId="8c84fa94-04c1-424b-9868-57a2d4851a1d" />
    <TestEntry testId="e82c0de2-105f-b7bf-4ead-1af9dbf81c9a" executionId="02b71213-3a2d-4d66-8cfe-a703f0e7fe05" testListId="8c84fa94-04c1-424b-9868-57a2d4851a1d" />
    <TestEntry testId="f314c195-ac22-0b37-d4cb-c3d78603d852" executionId="8e22facf-6812-4f0e-b837-c62809a22313" testListId="8c84fa94-04c1-424b-9868-57a2d4851a1d" />
    <TestEntry testId="f4679840-e4d2-7c15-7c41-edc70f922329" executionId="d1337cc4-2b79-4946-8368-ae9ce224208c" testListId="8c84fa94-04c1-424b-9868-57a2d4851a1d" />
  </TestEntries>
  <Results>
    <UnitTestResult executionId="962cf602-213f-47e2-8e00-e65a1aab531e" testId="1b4dbf96-9731-e576-ff96-e31b8a60f6f5" testName="TestFalseForPolygonPointInside" computerName="MSSQLSERVER008" duration="00:00:00.0280116" startTime="2022-06-11T19:00:49.8788918+02:00" endTime="2022-06-11T19:00:50.3058918+02:00" testType="13cdc9d9-ddb5-4fa4-a97d-d965ccfc6d4b" outcome="Passed" testListId="8c84fa94-04c1-424b-9868-57a2d4851a1d">
      <Output>
      </Output>
    </UnitTestResult>
    <UnitTestResult executionId="9ef8fdb5-a131-4814-a642-608ade8ad5de" testId="1b89ed30-7d36-096c-90f9-de459941a913" testName="TestDistanceOfPoints" computerName="MSSQLSERVER008" duration="00:00:00.0070056" startTime="2022-06-11T19:00:50.3268918+02:00" endTime="2022-06-11T19:00:50.3438918+02:00" testType="13cdc9d9-ddb5-4fa4-a97d-d965ccfc6d4b" outcome="Passed" testListId="8c84fa94-04c1-424b-9868-57a2d4851a1d">
      <Output>
      </Output>
    </UnitTestResult>
    <UnitTestResult executionId="b0ee79d4-7298-4230-aa6d-a576eb271340" testId="29a6a959-8879-2661-69a9-22f21618a378" testName="TestPolygonTryToInsertDoublePoint" computerName="MSSQLSERVER008" duration="00:00:00.0326783" startTime="2022-06-11T19:00:50.3488918+02:00" endTime="2022-06-11T19:00:50.3888918+02:00" testType="13cdc9d9-ddb5-4fa4-a97d-d965ccfc6d4b" outcome="Passed" testListId="8c84fa94-04c1-424b-9868-57a2d4851a1d">
      <Output>
        <StdOut>Test Passed
A .NET Framework error occurred during execution of user-defined routine or aggregate "Polygon": 
System.FormatException: Nieprawidłowy format ciągu wejściowego.
System.FormatException: 
   w System.Number.StringToNumber(String str, NumberStyles options, NumberBuffer&amp; number, NumberFormatInfo info, Boolean parseDecimal)
   w System.Number.ParseInt32(String s, NumberStyles style, NumberFormatInfo info)
   w System.Int32.Parse(String s)
   w Polygon.Parse(SqlString value)
.
The statement has been terminated.</StdOut>
      </Output>
    </UnitTestResult>
    <UnitTestResult executionId="f0e7d43a-01de-43d0-84ce-6ee1ac2a62c1" testId="3ae32d2e-2a4a-6d8c-97c9-f9a48b062efa" testName="TestGetYFromPoint" computerName="MSSQLSERVER008" duration="00:00:00.0060384" startTime="2022-06-11T19:00:50.3968918+02:00" endTime="2022-06-11T19:00:50.4108918+02:00" testType="13cdc9d9-ddb5-4fa4-a97d-d965ccfc6d4b" outcome="Passed" testListId="8c84fa94-04c1-424b-9868-57a2d4851a1d">
      <Output>
      </Output>
    </UnitTestResult>
    <UnitTestResult executionId="6900be2f-6f99-4506-9fdc-52ba2bdaa839" testId="63913b23-6834-88a6-6920-cee4fe6abc21" testName="TestTrueForPolygonPointInside" computerName="MSSQLSERVER008" duration="00:00:00.0102678" startTime="2022-06-11T19:00:50.4188918+02:00" endTime="2022-06-11T19:00:50.4368918+02:00" testType="13cdc9d9-ddb5-4fa4-a97d-d965ccfc6d4b" outcome="Passed" testListId="8c84fa94-04c1-424b-9868-57a2d4851a1d">
      <Output>
      </Output>
    </UnitTestResult>
    <UnitTestResult executionId="c8692baf-4830-411f-9728-5f194b763f30" testId="6622d7b8-e194-21a5-e5b7-d9d180c60f5f" testName="TestPolygonTryToInsertStringPoint" computerName="MSSQLSERVER008" duration="00:00:00.0052899" startTime="2022-06-11T19:00:50.4448918+02:00" endTime="2022-06-11T19:00:50.4568918+02:00" testType="13cdc9d9-ddb5-4fa4-a97d-d965ccfc6d4b" outcome="Passed" testListId="8c84fa94-04c1-424b-9868-57a2d4851a1d">
      <Output>
        <StdOut>Test Passed
A .NET Framework error occurred during execution of user-defined routine or aggregate "Polygon": 
System.FormatException: Nieprawidłowy format ciągu wejściowego.
System.FormatException: 
   w System.Number.StringToNumber(String str, NumberStyles options, NumberBuffer&amp; number, NumberFormatInfo info, Boolean parseDecimal)
   w System.Number.ParseInt32(String s, NumberStyles style, NumberFormatInfo info)
   w System.Int32.Parse(String s)
   w Polygon.Parse(SqlString value)
.
The statement has been terminated.</StdOut>
      </Output>
    </UnitTestResult>
    <UnitTestResult executionId="8c1abb60-c3a6-4dad-b325-d80a4e16fa2d" testId="85d903ef-e8af-53fa-d968-0206a904f44e" testName="TestPointToString" computerName="MSSQLSERVER008" duration="00:00:00.0163851" startTime="2022-06-11T19:00:50.4648918+02:00" endTime="2022-06-11T19:00:50.5068918+02:00" testType="13cdc9d9-ddb5-4fa4-a97d-d965ccfc6d4b" outcome="Passed" testListId="8c84fa94-04c1-424b-9868-57a2d4851a1d">
      <Output>
      </Output>
    </UnitTestResult>
    <UnitTestResult executionId="0c7a61d9-fab4-43ad-8c84-729aa091bfac" testId="9c212210-d323-0e8a-267b-5f000d05bb32" testName="TestTruePolygonInsert" computerName="MSSQLSERVER008" duration="00:00:00.0060051" startTime="2022-06-11T19:00:50.5148918+02:00" endTime="2022-06-11T19:00:50.5278918+02:00" testType="13cdc9d9-ddb5-4fa4-a97d-d965ccfc6d4b" outcome="Passed" testListId="8c84fa94-04c1-424b-9868-57a2d4851a1d">
      <Output>
      </Output>
    </UnitTestResult>
    <UnitTestResult executionId="645ff388-aeab-4dde-bbf5-ef802ba5b4a1" testId="9d41b0b6-7b2e-1651-d7ab-4d423a17f002" testName="TestPointTryToInsertStringPoint" computerName="MSSQLSERVER008" duration="00:00:00.0039261" startTime="2022-06-11T19:00:50.5328918+02:00" endTime="2022-06-11T19:00:50.5418918+02:00" testType="13cdc9d9-ddb5-4fa4-a97d-d965ccfc6d4b" outcome="Passed" testListId="8c84fa94-04c1-424b-9868-57a2d4851a1d">
      <Output>
        <StdOut>Test Passed
A .NET Framework error occurred during execution of user-defined routine or aggregate "Point": 
System.FormatException: Nieprawidłowy format ciągu wejściowego.
System.FormatException: 
   w System.Number.StringToNumber(String str, NumberStyles options, NumberBuffer&amp; number, NumberFormatInfo info, Boolean parseDecimal)
   w System.Number.ParseInt32(String s, NumberStyles style, NumberFormatInfo info)
   w System.Int32.Parse(String s)
   w Point.Parse(SqlString value)
.
The statement has been terminated.</StdOut>
      </Output>
    </UnitTestResult>
    <UnitTestResult executionId="af33a402-478c-4144-a3c1-d434a181f10c" testId="a5968590-10f2-dacf-bc06-bebef087cbe4" testName="TestPointTryToInsertDoublePoint" computerName="MSSQLSERVER008" duration="00:00:00.0049503" startTime="2022-06-11T19:00:50.5468918+02:00" endTime="2022-06-11T19:00:50.5578918+02:00" testType="13cdc9d9-ddb5-4fa4-a97d-d965ccfc6d4b" outcome="Passed" testListId="8c84fa94-04c1-424b-9868-57a2d4851a1d">
      <Output>
        <StdOut>Test Passed
A .NET Framework error occurred during execution of user-defined routine or aggregate "Point": 
System.FormatException: Nieprawidłowy format ciągu wejściowego.
System.FormatException: 
   w System.Number.StringToNumber(String str, NumberStyles options, NumberBuffer&amp; number, NumberFormatInfo info, Boolean parseDecimal)
   w System.Number.ParseInt32(String s, NumberStyles style, NumberFormatInfo info)
   w System.Int32.Parse(String s)
   w Point.Parse(SqlString value)
.
The statement has been terminated.</StdOut>
      </Output>
    </UnitTestResult>
    <UnitTestResult executionId="d0507f48-0dbc-46eb-9f23-237400393103" testId="b8c1d272-aad1-fc85-0663-60cb73a59f47" testName="TestInsertWithEqualVerticesToPolygon" computerName="MSSQLSERVER008" duration="00:00:00.0038240" startTime="2022-06-11T19:00:50.5638918+02:00" endTime="2022-06-11T19:00:50.5728918+02:00" testType="13cdc9d9-ddb5-4fa4-a97d-d965ccfc6d4b" outcome="Passed" testListId="8c84fa94-04c1-424b-9868-57a2d4851a1d">
      <Output>
        <StdOut>Test Passed
A .NET Framework error occurred during execution of user-defined routine or aggregate "Polygon": 
System.ArgumentException: Invalid Polygon. Some vertices are equal.
System.ArgumentException: 
   w Polygon.Parse(SqlString value)
.
The statement has been terminated.</StdOut>
      </Output>
    </UnitTestResult>
    <UnitTestResult executionId="951291ad-e338-410a-b720-0312ab5b1500" testId="c4e17b35-ede1-86ba-1c61-22118f93737d" testName="TestPolygonToString" computerName="MSSQLSERVER008" duration="00:00:00.2469401" startTime="2022-06-11T19:00:50.5778918+02:00" endTime="2022-06-11T19:00:50.8298918+02:00" testType="13cdc9d9-ddb5-4fa4-a97d-d965ccfc6d4b" outcome="Failed" testListId="8c84fa94-04c1-424b-9868-57a2d4851a1d">
      <Output>
        <ErrorInfo>
          <Message>Assert.AreEqual failed. Expected:&lt;[0;0][0;2][4;2][4;0]&gt;. Actual:&lt;[0;0][2;2][3;0]&gt;. </Message>
          <StackTrace>   w TwoDimensionalUnitTests.PolygonTests.TestPolygonToString() w C:\Users\Administrator\Pictures\Projekt_BD2_nr1\Projekt_BD2_nr1\Projekt_BD2_nr1\TypyDanychPrzestrzennych\UnitTests\PolygonTests.cs:wiersz 109
</StackTrace>
        </ErrorInfo>
      </Output>
    </UnitTestResult>
    <UnitTestResult executionId="02b71213-3a2d-4d66-8cfe-a703f0e7fe05" testId="e82c0de2-105f-b7bf-4ead-1af9dbf81c9a" testName="TestInsertWithLessThan3VerticesToPolygon" computerName="MSSQLSERVER008" duration="00:00:00.0024784" startTime="2022-06-11T19:00:50.8428918+02:00" endTime="2022-06-11T19:00:50.8488918+02:00" testType="13cdc9d9-ddb5-4fa4-a97d-d965ccfc6d4b" outcome="Passed" testListId="8c84fa94-04c1-424b-9868-57a2d4851a1d">
      <Output>
        <StdOut>Test Passed
A .NET Framework error occurred during execution of user-defined routine or aggregate "Polygon": 
System.ArgumentException: Invalid Polygon. Provide more then 3 vertices.
System.ArgumentException: 
   w Polygon.Parse(SqlString value)
.
The statement has been terminated.</StdOut>
      </Output>
    </UnitTestResult>
    <UnitTestResult executionId="8e22facf-6812-4f0e-b837-c62809a22313" testId="f314c195-ac22-0b37-d4cb-c3d78603d852" testName="TestAreaOfPolygon" computerName="MSSQLSERVER008" duration="00:00:00.0124067" startTime="2022-06-11T19:00:50.8508918+02:00" endTime="2022-06-11T19:00:50.8668918+02:00" testType="13cdc9d9-ddb5-4fa4-a97d-d965ccfc6d4b" outcome="Failed" testListId="8c84fa94-04c1-424b-9868-57a2d4851a1d">
      <Output>
        <ErrorInfo>
          <Message>Assert.AreEqual failed. Expected:&lt;8&gt;. Actual:&lt;3&gt;. </Message>
          <StackTrace>   w TwoDimensionalUnitTests.PolygonTests.TestAreaOfPolygon() w C:\Users\Administrator\Pictures\Projekt_BD2_nr1\Projekt_BD2_nr1\Projekt_BD2_nr1\TypyDanychPrzestrzennych\UnitTests\PolygonTests.cs:wiersz 132
</StackTrace>
        </ErrorInfo>
      </Output>
    </UnitTestResult>
    <UnitTestResult executionId="d1337cc4-2b79-4946-8368-ae9ce224208c" testId="f4679840-e4d2-7c15-7c41-edc70f922329" testName="TestGetXFromPoint" computerName="MSSQLSERVER008" duration="00:00:00.0027485" startTime="2022-06-11T19:00:50.8778918+02:00" endTime="2022-06-11T19:00:50.8828918+02:00" testType="13cdc9d9-ddb5-4fa4-a97d-d965ccfc6d4b" outcome="Passed" testListId="8c84fa94-04c1-424b-9868-57a2d4851a1d">
      <Output>
      </Output>
    </UnitTestResult>
  </Results>
</TestRun>