<?xml version="1.0" encoding="UTF-8"?>
<TestRun id="90360c8b-cf4d-4f3d-b94e-624027e55741" name="Administrator@MSSQLSERVER008 2022-06-11 19:55:27" runUser="MSSQLSERVER008\Administrator" xmlns="http://microsoft.com/schemas/VisualStudio/TeamTest/2006">
  <TestRunConfiguration name="Local Test Run" id="bd454a8c-6d30-410a-8ddd-a96b5ebeade3">
    <Description>This is a default test run configuration for a local test run.</Description>
    <Deployment runDeploymentRoot="C:\Users\Administrator\Pictures\Projekt_BD2_nr1\Projekt_BD2_nr1\Projekt_BD2_nr1\TwoDimensionalTypeData\TestResults\Administrator_MSSQLSERVER008 2022-06-11 19_55_27" />
    <TestTypeSpecific />
  </TestRunConfiguration>
  <ResultSummary outcome="Failed">
    <Counters total="15" executed="15" passed="13" error="0" failed="2" timeout="0" aborted="0" inconclusive="0" passedButRunAborted="0" notRunnable="0" notExecuted="0" disconnected="0" warning="0" completed="0" inProgress="0" pending="0" />
  </ResultSummary>
  <Times creation="2022-06-11T19:55:27.9888918+02:00" queuing="2022-06-11T19:55:29.6948918+02:00" start="2022-06-11T19:55:30.1308918+02:00" finish="2022-06-11T19:55:30.8668918+02:00" />
  <TestDefinitions>
    <UnitTest name="TestInsertWithLessThan3VerticesToPolygon" storage="c:\users\administrator\pictures\projekt_bd2_nr1\projekt_bd2_nr1\projekt_bd2_nr1\twodimensionaltypedata\twodimensionalunittests\bin\debug\unittests.dll" id="e82c0de2-105f-b7bf-4ead-1af9dbf81c9a">
      <Css projectStructure="" iteration="" />
      <Owners>
        <Owner name="" />
      </Owners>
      <Execution id="9267c779-dced-46a0-937c-b2f6f8383035" />
      <TestMethod codeBase="C:\Users\Administrator\Pictures\Projekt_BD2_nr1\Projekt_BD2_nr1\Projekt_BD2_nr1\TwoDimensionalTypeData\TwoDimensionalUnitTests\bin\Debug\UnitTests.dll" adapterTypeName="Microsoft.VisualStudio.TestTools.TestTypes.Unit.UnitTestAdapter, Microsoft.VisualStudio.QualityTools.Tips.UnitTest.Adapter, Version=9.0.0.0, Culture=neutral, PublicKeyToken=b03f5f7f11d50a3a" className="TwoDimensionalUnitTests.PolygonTests, UnitTests" name="TestInsertWithLessThan3VerticesToPolygon" />
    </UnitTest>
    <UnitTest name="TestPolygonInsertTrue" storage="c:\users\administrator\pictures\projekt_bd2_nr1\projekt_bd2_nr1\projekt_bd2_nr1\twodimensionaltypedata\twodimensionalunittests\bin\debug\unittests.dll" id="6d0fe11c-e0c5-c7b5-76ef-9229270c078b">
      <Css projectStructure="" iteration="" />
      <Owners>
        <Owner name="" />
      </Owners>
      <Execution id="6b2154ac-91fa-45fc-bbc7-cda58e7c979b" />
      <TestMethod codeBase="C:\Users\Administrator\Pictures\Projekt_BD2_nr1\Projekt_BD2_nr1\Projekt_BD2_nr1\TwoDimensionalTypeData\TwoDimensionalUnitTests\bin\Debug\UnitTests.dll" adapterTypeName="Microsoft.VisualStudio.TestTools.TestTypes.Unit.UnitTestAdapter, Microsoft.VisualStudio.QualityTools.Tips.UnitTest.Adapter, Version=9.0.0.0, Culture=neutral, PublicKeyToken=b03f5f7f11d50a3a" className="TwoDimensionalUnitTests.PolygonTests, UnitTests" name="TestPolygonInsertTrue" />
    </UnitTest>
    <UnitTest name="TestAreaOfPolygon" storage="c:\users\administrator\pictures\projekt_bd2_nr1\projekt_bd2_nr1\projekt_bd2_nr1\twodimensionaltypedata\twodimensionalunittests\bin\debug\unittests.dll" id="f314c195-ac22-0b37-d4cb-c3d78603d852">
      <Css projectStructure="" iteration="" />
      <Owners>
        <Owner name="" />
      </Owners>
      <Execution id="11b05df0-ba69-4882-bb4a-ba7280d2a420" />
      <TestMethod codeBase="C:\Users\Administrator\Pictures\Projekt_BD2_nr1\Projekt_BD2_nr1\Projekt_BD2_nr1\TwoDimensionalTypeData\TwoDimensionalUnitTests\bin\Debug\UnitTests.dll" adapterTypeName="Microsoft.VisualStudio.TestTools.TestTypes.Unit.UnitTestAdapter, Microsoft.VisualStudio.QualityTools.Tips.UnitTest.Adapter, Version=9.0.0.0, Culture=neutral, PublicKeyToken=b03f5f7f11d50a3a" className="TwoDimensionalUnitTests.PolygonTests, UnitTests" name="TestAreaOfPolygon" />
    </UnitTest>
    <UnitTest name="TestInsertWithEqualVerticesToPolygon" storage="c:\users\administrator\pictures\projekt_bd2_nr1\projekt_bd2_nr1\projekt_bd2_nr1\twodimensionaltypedata\twodimensionalunittests\bin\debug\unittests.dll" id="b8c1d272-aad1-fc85-0663-60cb73a59f47">
      <Css projectStructure="" iteration="" />
      <Owners>
        <Owner name="" />
      </Owners>
      <Execution id="1b7d0ffe-e675-4ea8-9ef9-4f0990d8b4c0" />
      <TestMethod codeBase="C:\Users\Administrator\Pictures\Projekt_BD2_nr1\Projekt_BD2_nr1\Projekt_BD2_nr1\TwoDimensionalTypeData\TwoDimensionalUnitTests\bin\Debug\UnitTests.dll" adapterTypeName="Microsoft.VisualStudio.TestTools.TestTypes.Unit.UnitTestAdapter, Microsoft.VisualStudio.QualityTools.Tips.UnitTest.Adapter, Version=9.0.0.0, Culture=neutral, PublicKeyToken=b03f5f7f11d50a3a" className="TwoDimensionalUnitTests.PolygonTests, UnitTests" name="TestInsertWithEqualVerticesToPolygon" />
    </UnitTest>
    <UnitTest name="TestGetXFromPoint" storage="c:\users\administrator\pictures\projekt_bd2_nr1\projekt_bd2_nr1\projekt_bd2_nr1\twodimensionaltypedata\twodimensionalunittests\bin\debug\unittests.dll" id="f4679840-e4d2-7c15-7c41-edc70f922329">
      <Css projectStructure="" iteration="" />
      <Owners>
        <Owner name="" />
      </Owners>
      <Execution id="c54887d6-7146-4036-9630-a7e1a18f384e" />
      <TestMethod codeBase="C:\Users\Administrator\Pictures\Projekt_BD2_nr1\Projekt_BD2_nr1\Projekt_BD2_nr1\TwoDimensionalTypeData\TwoDimensionalUnitTests\bin\Debug\UnitTests.dll" adapterTypeName="Microsoft.VisualStudio.TestTools.TestTypes.Unit.UnitTestAdapter, Microsoft.VisualStudio.QualityTools.Tips.UnitTest.Adapter, Version=9.0.0.0, Culture=neutral, PublicKeyToken=b03f5f7f11d50a3a" className="TwoDimensionalUnitTests.PointTests, UnitTests" name="TestGetXFromPoint" />
    </UnitTest>
    <UnitTest name="TestDistanceOfPoints" storage="c:\users\administrator\pictures\projekt_bd2_nr1\projekt_bd2_nr1\projekt_bd2_nr1\twodimensionaltypedata\twodimensionalunittests\bin\debug\unittests.dll" id="1b89ed30-7d36-096c-90f9-de459941a913">
      <Css projectStructure="" iteration="" />
      <Owners>
        <Owner name="" />
      </Owners>
      <Execution id="905bfd81-03b9-41a5-adf6-b391f6bcb059" />
      <TestMethod codeBase="C:\Users\Administrator\Pictures\Projekt_BD2_nr1\Projekt_BD2_nr1\Projekt_BD2_nr1\TwoDimensionalTypeData\TwoDimensionalUnitTests\bin\Debug\UnitTests.dll" adapterTypeName="Microsoft.VisualStudio.TestTools.TestTypes.Unit.UnitTestAdapter, Microsoft.VisualStudio.QualityTools.Tips.UnitTest.Adapter, Version=9.0.0.0, Culture=neutral, PublicKeyToken=b03f5f7f11d50a3a" className="TwoDimensionalUnitTests.PointTests, UnitTests" name="TestDistanceOfPoints" />
    </UnitTest>
    <UnitTest name="TestGetYFromPoint" storage="c:\users\administrator\pictures\projekt_bd2_nr1\projekt_bd2_nr1\projekt_bd2_nr1\twodimensionaltypedata\twodimensionalunittests\bin\debug\unittests.dll" id="3ae32d2e-2a4a-6d8c-97c9-f9a48b062efa">
      <Css projectStructure="" iteration="" />
      <Owners>
        <Owner name="" />
      </Owners>
      <Execution id="2ac85ef3-d001-491f-84e2-a3e4c26997c6" />
      <TestMethod codeBase="C:\Users\Administrator\Pictures\Projekt_BD2_nr1\Projekt_BD2_nr1\Projekt_BD2_nr1\TwoDimensionalTypeData\TwoDimensionalUnitTests\bin\Debug\UnitTests.dll" adapterTypeName="Microsoft.VisualStudio.TestTools.TestTypes.Unit.UnitTestAdapter, Microsoft.VisualStudio.QualityTools.Tips.UnitTest.Adapter, Version=9.0.0.0, Culture=neutral, PublicKeyToken=b03f5f7f11d50a3a" className="TwoDimensionalUnitTests.PointTests, UnitTests" name="TestGetYFromPoint" />
    </UnitTest>
    <UnitTest name="TestPolygonTryToInsertStringPoint" storage="c:\users\administrator\pictures\projekt_bd2_nr1\projekt_bd2_nr1\projekt_bd2_nr1\twodimensionaltypedata\twodimensionalunittests\bin\debug\unittests.dll" id="6622d7b8-e194-21a5-e5b7-d9d180c60f5f">
      <Css projectStructure="" iteration="" />
      <Owners>
        <Owner name="" />
      </Owners>
      <Execution id="c101c430-7597-444a-a856-a75d17da71b8" />
      <TestMethod codeBase="C:\Users\Administrator\Pictures\Projekt_BD2_nr1\Projekt_BD2_nr1\Projekt_BD2_nr1\TwoDimensionalTypeData\TwoDimensionalUnitTests\bin\Debug\UnitTests.dll" adapterTypeName="Microsoft.VisualStudio.TestTools.TestTypes.Unit.UnitTestAdapter, Microsoft.VisualStudio.QualityTools.Tips.UnitTest.Adapter, Version=9.0.0.0, Culture=neutral, PublicKeyToken=b03f5f7f11d50a3a" className="TwoDimensionalUnitTests.PolygonTests, UnitTests" name="TestPolygonTryToInsertStringPoint" />
    </UnitTest>
    <UnitTest name="TestFalseForPolygonPointInside" storage="c:\users\administrator\pictures\projekt_bd2_nr1\projekt_bd2_nr1\projekt_bd2_nr1\twodimensionaltypedata\twodimensionalunittests\bin\debug\unittests.dll" id="1b4dbf96-9731-e576-ff96-e31b8a60f6f5">
      <Css projectStructure="" iteration="" />
      <Owners>
        <Owner name="" />
      </Owners>
      <Execution id="5b3205a8-a5bb-48e0-8092-7983ea1ff01b" />
      <TestMethod codeBase="C:\Users\Administrator\Pictures\Projekt_BD2_nr1\Projekt_BD2_nr1\Projekt_BD2_nr1\TwoDimensionalTypeData\TwoDimensionalUnitTests\bin\Debug\UnitTests.dll" adapterTypeName="Microsoft.VisualStudio.TestTools.TestTypes.Unit.UnitTestAdapter, Microsoft.VisualStudio.QualityTools.Tips.UnitTest.Adapter, Version=9.0.0.0, Culture=neutral, PublicKeyToken=b03f5f7f11d50a3a" className="TwoDimensionalUnitTests.PolygonTests, UnitTests" name="TestFalseForPolygonPointInside" />
    </UnitTest>
    <UnitTest name="TestPolygonToString" storage="c:\users\administrator\pictures\projekt_bd2_nr1\projekt_bd2_nr1\projekt_bd2_nr1\twodimensionaltypedata\twodimensionalunittests\bin\debug\unittests.dll" id="c4e17b35-ede1-86ba-1c61-22118f93737d">
      <Css projectStructure="" iteration="" />
      <Owners>
        <Owner name="" />
      </Owners>
      <Execution id="5a8f8728-c295-4a63-b70c-7f2543f83df2" />
      <TestMethod codeBase="C:\Users\Administrator\Pictures\Projekt_BD2_nr1\Projekt_BD2_nr1\Projekt_BD2_nr1\TwoDimensionalTypeData\TwoDimensionalUnitTests\bin\Debug\UnitTests.dll" adapterTypeName="Microsoft.VisualStudio.TestTools.TestTypes.Unit.UnitTestAdapter, Microsoft.VisualStudio.QualityTools.Tips.UnitTest.Adapter, Version=9.0.0.0, Culture=neutral, PublicKeyToken=b03f5f7f11d50a3a" className="TwoDimensionalUnitTests.PolygonTests, UnitTests" name="TestPolygonToString" />
    </UnitTest>
    <UnitTest name="TestPointTryToInsertDoublePoint" storage="c:\users\administrator\pictures\projekt_bd2_nr1\projekt_bd2_nr1\projekt_bd2_nr1\twodimensionaltypedata\twodimensionalunittests\bin\debug\unittests.dll" id="a5968590-10f2-dacf-bc06-bebef087cbe4">
      <Css projectStructure="" iteration="" />
      <Owners>
        <Owner name="" />
      </Owners>
      <Execution id="0c5cfdc7-4786-4f15-a93a-a4c64821a3f0" />
      <TestMethod codeBase="C:\Users\Administrator\Pictures\Projekt_BD2_nr1\Projekt_BD2_nr1\Projekt_BD2_nr1\TwoDimensionalTypeData\TwoDimensionalUnitTests\bin\Debug\UnitTests.dll" adapterTypeName="Microsoft.VisualStudio.TestTools.TestTypes.Unit.UnitTestAdapter, Microsoft.VisualStudio.QualityTools.Tips.UnitTest.Adapter, Version=9.0.0.0, Culture=neutral, PublicKeyToken=b03f5f7f11d50a3a" className="TwoDimensionalUnitTests.PointTests, UnitTests" name="TestPointTryToInsertDoublePoint" />
    </UnitTest>
    <UnitTest name="TestPolygonTryToInsertDoublePoint" storage="c:\users\administrator\pictures\projekt_bd2_nr1\projekt_bd2_nr1\projekt_bd2_nr1\twodimensionaltypedata\twodimensionalunittests\bin\debug\unittests.dll" id="29a6a959-8879-2661-69a9-22f21618a378">
      <Css projectStructure="" iteration="" />
      <Owners>
        <Owner name="" />
      </Owners>
      <Execution id="53836fa9-b732-4a0b-ace4-a95cada7375c" />
      <TestMethod codeBase="C:\Users\Administrator\Pictures\Projekt_BD2_nr1\Projekt_BD2_nr1\Projekt_BD2_nr1\TwoDimensionalTypeData\TwoDimensionalUnitTests\bin\Debug\UnitTests.dll" adapterTypeName="Microsoft.VisualStudio.TestTools.TestTypes.Unit.UnitTestAdapter, Microsoft.VisualStudio.QualityTools.Tips.UnitTest.Adapter, Version=9.0.0.0, Culture=neutral, PublicKeyToken=b03f5f7f11d50a3a" className="TwoDimensionalUnitTests.PolygonTests, UnitTests" name="TestPolygonTryToInsertDoublePoint" />
    </UnitTest>
    <UnitTest name="TestPointToString" storage="c:\users\administrator\pictures\projekt_bd2_nr1\projekt_bd2_nr1\projekt_bd2_nr1\twodimensionaltypedata\twodimensionalunittests\bin\debug\unittests.dll" id="85d903ef-e8af-53fa-d968-0206a904f44e">
      <Css projectStructure="" iteration="" />
      <Owners>
        <Owner name="" />
      </Owners>
      <Execution id="6a3b00b5-d2aa-4725-b152-f102388532f1" />
      <TestMethod codeBase="C:\Users\Administrator\Pictures\Projekt_BD2_nr1\Projekt_BD2_nr1\Projekt_BD2_nr1\TwoDimensionalTypeData\TwoDimensionalUnitTests\bin\Debug\UnitTests.dll" adapterTypeName="Microsoft.VisualStudio.TestTools.TestTypes.Unit.UnitTestAdapter, Microsoft.VisualStudio.QualityTools.Tips.UnitTest.Adapter, Version=9.0.0.0, Culture=neutral, PublicKeyToken=b03f5f7f11d50a3a" className="TwoDimensionalUnitTests.PointTests, UnitTests" name="TestPointToString" />
    </UnitTest>
    <UnitTest name="TestPointTryToInsertStringPoint" storage="c:\users\administrator\pictures\projekt_bd2_nr1\projekt_bd2_nr1\projekt_bd2_nr1\twodimensionaltypedata\twodimensionalunittests\bin\debug\unittests.dll" id="9d41b0b6-7b2e-1651-d7ab-4d423a17f002">
      <Css projectStructure="" iteration="" />
      <Owners>
        <Owner name="" />
      </Owners>
      <Execution id="c2ddfe7c-609a-4781-9b10-087a5bb28bbf" />
      <TestMethod codeBase="C:\Users\Administrator\Pictures\Projekt_BD2_nr1\Projekt_BD2_nr1\Projekt_BD2_nr1\TwoDimensionalTypeData\TwoDimensionalUnitTests\bin\Debug\UnitTests.dll" adapterTypeName="Microsoft.VisualStudio.TestTools.TestTypes.Unit.UnitTestAdapter, Microsoft.VisualStudio.QualityTools.Tips.UnitTest.Adapter, Version=9.0.0.0, Culture=neutral, PublicKeyToken=b03f5f7f11d50a3a" className="TwoDimensionalUnitTests.PointTests, UnitTests" name="TestPointTryToInsertStringPoint" />
    </UnitTest>
    <UnitTest name="TestTrueForPolygonPointInside" storage="c:\users\administrator\pictures\projekt_bd2_nr1\projekt_bd2_nr1\projekt_bd2_nr1\twodimensionaltypedata\twodimensionalunittests\bin\debug\unittests.dll" id="63913b23-6834-88a6-6920-cee4fe6abc21">
      <Css projectStructure="" iteration="" />
      <Owners>
        <Owner name="" />
      </Owners>
      <Execution id="84ddfc7e-e5eb-4988-8dfe-7b67202d2598" />
      <TestMethod codeBase="C:\Users\Administrator\Pictures\Projekt_BD2_nr1\Projekt_BD2_nr1\Projekt_BD2_nr1\TwoDimensionalTypeData\TwoDimensionalUnitTests\bin\Debug\UnitTests.dll" adapterTypeName="Microsoft.VisualStudio.TestTools.TestTypes.Unit.UnitTestAdapter, Microsoft.VisualStudio.QualityTools.Tips.UnitTest.Adapter, Version=9.0.0.0, Culture=neutral, PublicKeyToken=b03f5f7f11d50a3a" className="TwoDimensionalUnitTests.PolygonTests, UnitTests" name="TestTrueForPolygonPointInside" />
    </UnitTest>
  </TestDefinitions>
  <TestLists>
    <TestList name="Results Not in a List" id="8c84fa94-04c1-424b-9868-57a2d4851a1d" />
    <TestList name="All Loaded Results" id="19431567-8539-422a-85d7-44ee4e166bda" />
  </TestLists>
  <TestEntries>
    <TestEntry testId="1b4dbf96-9731-e576-ff96-e31b8a60f6f5" executionId="5b3205a8-a5bb-48e0-8092-7983ea1ff01b" testListId="8c84fa94-04c1-424b-9868-57a2d4851a1d" />
    <TestEntry testId="1b89ed30-7d36-096c-90f9-de459941a913" executionId="905bfd81-03b9-41a5-adf6-b391f6bcb059" testListId="8c84fa94-04c1-424b-9868-57a2d4851a1d" />
    <TestEntry testId="29a6a959-8879-2661-69a9-22f21618a378" executionId="53836fa9-b732-4a0b-ace4-a95cada7375c" testListId="8c84fa94-04c1-424b-9868-57a2d4851a1d" />
    <TestEntry testId="3ae32d2e-2a4a-6d8c-97c9-f9a48b062efa" executionId="2ac85ef3-d001-491f-84e2-a3e4c26997c6" testListId="8c84fa94-04c1-424b-9868-57a2d4851a1d" />
    <TestEntry testId="63913b23-6834-88a6-6920-cee4fe6abc21" executionId="84ddfc7e-e5eb-4988-8dfe-7b67202d2598" testListId="8c84fa94-04c1-424b-9868-57a2d4851a1d" />
    <TestEntry testId="6622d7b8-e194-21a5-e5b7-d9d180c60f5f" executionId="c101c430-7597-444a-a856-a75d17da71b8" testListId="8c84fa94-04c1-424b-9868-57a2d4851a1d" />
    <TestEntry testId="6d0fe11c-e0c5-c7b5-76ef-9229270c078b" executionId="6b2154ac-91fa-45fc-bbc7-cda58e7c979b" testListId="8c84fa94-04c1-424b-9868-57a2d4851a1d" />
    <TestEntry testId="85d903ef-e8af-53fa-d968-0206a904f44e" executionId="6a3b00b5-d2aa-4725-b152-f102388532f1" testListId="8c84fa94-04c1-424b-9868-57a2d4851a1d" />
    <TestEntry testId="9d41b0b6-7b2e-1651-d7ab-4d423a17f002" executionId="c2ddfe7c-609a-4781-9b10-087a5bb28bbf" testListId="8c84fa94-04c1-424b-9868-57a2d4851a1d" />
    <TestEntry testId="a5968590-10f2-dacf-bc06-bebef087cbe4" executionId="0c5cfdc7-4786-4f15-a93a-a4c64821a3f0" testListId="8c84fa94-04c1-424b-9868-57a2d4851a1d" />
    <TestEntry testId="b8c1d272-aad1-fc85-0663-60cb73a59f47" executionId="1b7d0ffe-e675-4ea8-9ef9-4f0990d8b4c0" testListId="8c84fa94-04c1-424b-9868-57a2d4851a1d" />
    <TestEntry testId="c4e17b35-ede1-86ba-1c61-22118f93737d" executionId="5a8f8728-c295-4a63-b70c-7f2543f83df2" testListId="8c84fa94-04c1-424b-9868-57a2d4851a1d" />
    <TestEntry testId="e82c0de2-105f-b7bf-4ead-1af9dbf81c9a" executionId="9267c779-dced-46a0-937c-b2f6f8383035" testListId="8c84fa94-04c1-424b-9868-57a2d4851a1d" />
    <TestEntry testId="f314c195-ac22-0b37-d4cb-c3d78603d852" executionId="11b05df0-ba69-4882-bb4a-ba7280d2a420" testListId="8c84fa94-04c1-424b-9868-57a2d4851a1d" />
    <TestEntry testId="f4679840-e4d2-7c15-7c41-edc70f922329" executionId="c54887d6-7146-4036-9630-a7e1a18f384e" testListId="8c84fa94-04c1-424b-9868-57a2d4851a1d" />
  </TestEntries>
  <Results>
    <UnitTestResult executionId="5b3205a8-a5bb-48e0-8092-7983ea1ff01b" testId="1b4dbf96-9731-e576-ff96-e31b8a60f6f5" testName="TestFalseForPolygonPointInside" computerName="MSSQLSERVER008" duration="00:00:00.0041772" startTime="2022-06-11T19:55:30.2308918+02:00" endTime="2022-06-11T19:55:30.4808918+02:00" testType="13cdc9d9-ddb5-4fa4-a97d-d965ccfc6d4b" outcome="Passed" testListId="8c84fa94-04c1-424b-9868-57a2d4851a1d">
      <Output>
      </Output>
    </UnitTestResult>
    <UnitTestResult executionId="905bfd81-03b9-41a5-adf6-b391f6bcb059" testId="1b89ed30-7d36-096c-90f9-de459941a913" testName="TestDistanceOfPoints" computerName="MSSQLSERVER008" duration="00:00:00.0025221" startTime="2022-06-11T19:55:30.4878918+02:00" endTime="2022-06-11T19:55:30.4998918+02:00" testType="13cdc9d9-ddb5-4fa4-a97d-d965ccfc6d4b" outcome="Passed" testListId="8c84fa94-04c1-424b-9868-57a2d4851a1d">
      <Output>
      </Output>
    </UnitTestResult>
    <UnitTestResult executionId="53836fa9-b732-4a0b-ace4-a95cada7375c" testId="29a6a959-8879-2661-69a9-22f21618a378" testName="TestPolygonTryToInsertDoublePoint" computerName="MSSQLSERVER008" duration="00:00:00.0037126" startTime="2022-06-11T19:55:30.5028918+02:00" endTime="2022-06-11T19:55:30.5088918+02:00" testType="13cdc9d9-ddb5-4fa4-a97d-d965ccfc6d4b" outcome="Passed" testListId="8c84fa94-04c1-424b-9868-57a2d4851a1d">
      <Output>
        <StdOut>Test Passed
A .NET Framework error occurred during execution of user-defined routine or aggregate "Polygon": 
System.FormatException: Nieprawidłowy format ciągu wejściowego.
System.FormatException: 
   w System.Number.StringToNumber(String str, NumberStyles options, NumberBuffer&amp; number, NumberFormatInfo info, Boolean parseDecimal)
   w System.Number.ParseInt32(String s, NumberStyles style, NumberFormatInfo info)
   w System.Int32.Parse(String s)
   w Polygon.Parse(SqlString value)
.
The statement has been terminated.</StdOut>
      </Output>
    </UnitTestResult>
    <UnitTestResult executionId="2ac85ef3-d001-491f-84e2-a3e4c26997c6" testId="3ae32d2e-2a4a-6d8c-97c9-f9a48b062efa" testName="TestGetYFromPoint" computerName="MSSQLSERVER008" duration="00:00:00.0023435" startTime="2022-06-11T19:55:30.5118918+02:00" endTime="2022-06-11T19:55:30.5168918+02:00" testType="13cdc9d9-ddb5-4fa4-a97d-d965ccfc6d4b" outcome="Passed" testListId="8c84fa94-04c1-424b-9868-57a2d4851a1d">
      <Output>
      </Output>
    </UnitTestResult>
    <UnitTestResult executionId="84ddfc7e-e5eb-4988-8dfe-7b67202d2598" testId="63913b23-6834-88a6-6920-cee4fe6abc21" testName="TestTrueForPolygonPointInside" computerName="MSSQLSERVER008" duration="00:00:00.0038271" startTime="2022-06-11T19:55:30.5198918+02:00" endTime="2022-06-11T19:55:30.5268918+02:00" testType="13cdc9d9-ddb5-4fa4-a97d-d965ccfc6d4b" outcome="Passed" testListId="8c84fa94-04c1-424b-9868-57a2d4851a1d">
      <Output>
      </Output>
    </UnitTestResult>
    <UnitTestResult executionId="c101c430-7597-444a-a856-a75d17da71b8" testId="6622d7b8-e194-21a5-e5b7-d9d180c60f5f" testName="TestPolygonTryToInsertStringPoint" computerName="MSSQLSERVER008" duration="00:00:00.0021434" startTime="2022-06-11T19:55:30.5288918+02:00" endTime="2022-06-11T19:55:30.5338918+02:00" testType="13cdc9d9-ddb5-4fa4-a97d-d965ccfc6d4b" outcome="Passed" testListId="8c84fa94-04c1-424b-9868-57a2d4851a1d">
      <Output>
        <StdOut>Test Passed
A .NET Framework error occurred during execution of user-defined routine or aggregate "Polygon": 
System.FormatException: Nieprawidłowy format ciągu wejściowego.
System.FormatException: 
   w System.Number.StringToNumber(String str, NumberStyles options, NumberBuffer&amp; number, NumberFormatInfo info, Boolean parseDecimal)
   w System.Number.ParseInt32(String s, NumberStyles style, NumberFormatInfo info)
   w System.Int32.Parse(String s)
   w Polygon.Parse(SqlString value)
.
The statement has been terminated.</StdOut>
      </Output>
    </UnitTestResult>
    <UnitTestResult executionId="6b2154ac-91fa-45fc-bbc7-cda58e7c979b" testId="6d0fe11c-e0c5-c7b5-76ef-9229270c078b" testName="TestPolygonInsertTrue" computerName="MSSQLSERVER008" duration="00:00:00.0019475" startTime="2022-06-11T19:55:30.5378918+02:00" endTime="2022-06-11T19:55:30.5418918+02:00" testType="13cdc9d9-ddb5-4fa4-a97d-d965ccfc6d4b" outcome="Passed" testListId="8c84fa94-04c1-424b-9868-57a2d4851a1d">
      <Output>
      </Output>
    </UnitTestResult>
    <UnitTestResult executionId="6a3b00b5-d2aa-4725-b152-f102388532f1" testId="85d903ef-e8af-53fa-d968-0206a904f44e" testName="TestPointToString" computerName="MSSQLSERVER008" duration="00:00:00.0025615" startTime="2022-06-11T19:55:30.5448918+02:00" endTime="2022-06-11T19:55:30.5498918+02:00" testType="13cdc9d9-ddb5-4fa4-a97d-d965ccfc6d4b" outcome="Passed" testListId="8c84fa94-04c1-424b-9868-57a2d4851a1d">
      <Output>
      </Output>
    </UnitTestResult>
    <UnitTestResult executionId="c2ddfe7c-609a-4781-9b10-087a5bb28bbf" testId="9d41b0b6-7b2e-1651-d7ab-4d423a17f002" testName="TestPointTryToInsertStringPoint" computerName="MSSQLSERVER008" duration="00:00:00.0020899" startTime="2022-06-11T19:55:30.5528918+02:00" endTime="2022-06-11T19:55:30.5598918+02:00" testType="13cdc9d9-ddb5-4fa4-a97d-d965ccfc6d4b" outcome="Passed" testListId="8c84fa94-04c1-424b-9868-57a2d4851a1d">
      <Output>
        <StdOut>Test Passed
A .NET Framework error occurred during execution of user-defined routine or aggregate "Point": 
System.FormatException: Nieprawidłowy format ciągu wejściowego.
System.FormatException: 
   w System.Number.StringToNumber(String str, NumberStyles options, NumberBuffer&amp; number, NumberFormatInfo info, Boolean parseDecimal)
   w System.Number.ParseInt32(String s, NumberStyles style, NumberFormatInfo info)
   w System.Int32.Parse(String s)
   w Point.Parse(SqlString value)
.
The statement has been terminated.</StdOut>
      </Output>
    </UnitTestResult>
    <UnitTestResult executionId="0c5cfdc7-4786-4f15-a93a-a4c64821a3f0" testId="a5968590-10f2-dacf-bc06-bebef087cbe4" testName="TestPointTryToInsertDoublePoint" computerName="MSSQLSERVER008" duration="00:00:00.0018963" startTime="2022-06-11T19:55:30.5618918+02:00" endTime="2022-06-11T19:55:30.5668918+02:00" testType="13cdc9d9-ddb5-4fa4-a97d-d965ccfc6d4b" outcome="Passed" testListId="8c84fa94-04c1-424b-9868-57a2d4851a1d">
      <Output>
        <StdOut>Test Passed
A .NET Framework error occurred during execution of user-defined routine or aggregate "Point": 
System.FormatException: Nieprawidłowy format ciągu wejściowego.
System.FormatException: 
   w System.Number.StringToNumber(String str, NumberStyles options, NumberBuffer&amp; number, NumberFormatInfo info, Boolean parseDecimal)
   w System.Number.ParseInt32(String s, NumberStyles style, NumberFormatInfo info)
   w System.Int32.Parse(String s)
   w Point.Parse(SqlString value)
.
The statement has been terminated.</StdOut>
      </Output>
    </UnitTestResult>
    <UnitTestResult executionId="1b7d0ffe-e675-4ea8-9ef9-4f0990d8b4c0" testId="b8c1d272-aad1-fc85-0663-60cb73a59f47" testName="TestInsertWithEqualVerticesToPolygon" computerName="MSSQLSERVER008" duration="00:00:00.0019148" startTime="2022-06-11T19:55:30.5698918+02:00" endTime="2022-06-11T19:55:30.5748918+02:00" testType="13cdc9d9-ddb5-4fa4-a97d-d965ccfc6d4b" outcome="Passed" testListId="8c84fa94-04c1-424b-9868-57a2d4851a1d">
      <Output>
        <StdOut>Test Passed
A .NET Framework error occurred during execution of user-defined routine or aggregate "Polygon": 
System.ArgumentException: Invalid Polygon. Some vertices are equal.
System.ArgumentException: 
   w Polygon.Parse(SqlString value)
.
The statement has been terminated.</StdOut>
      </Output>
    </UnitTestResult>
    <UnitTestResult executionId="5a8f8728-c295-4a63-b70c-7f2543f83df2" testId="c4e17b35-ede1-86ba-1c61-22118f93737d" testName="TestPolygonToString" computerName="MSSQLSERVER008" duration="00:00:00.0691110" startTime="2022-06-11T19:55:30.5768918+02:00" endTime="2022-06-11T19:55:30.6498918+02:00" testType="13cdc9d9-ddb5-4fa4-a97d-d965ccfc6d4b" outcome="Failed" testListId="8c84fa94-04c1-424b-9868-57a2d4851a1d">
      <Output>
        <ErrorInfo>
          <Message>Assert.AreEqual failed. Expected:&lt;[0;0][0;2][4;2][4;0]&gt;. Actual:&lt;[0;0][1;1][2;0]&gt;. </Message>
          <StackTrace>   w TwoDimensionalUnitTests.PolygonTests.TestPolygonToString() w C:\Users\Administrator\Pictures\Projekt_BD2_nr1\Projekt_BD2_nr1\Projekt_BD2_nr1\TwoDimensionalTypeData\TwoDimensionalUnitTests\PolygonTests.cs:wiersz 109
</StackTrace>
        </ErrorInfo>
      </Output>
    </UnitTestResult>
    <UnitTestResult executionId="9267c779-dced-46a0-937c-b2f6f8383035" testId="e82c0de2-105f-b7bf-4ead-1af9dbf81c9a" testName="TestInsertWithLessThan3VerticesToPolygon" computerName="MSSQLSERVER008" duration="00:00:00.0023871" startTime="2022-06-11T19:55:30.6588918+02:00" endTime="2022-06-11T19:55:30.6638918+02:00" testType="13cdc9d9-ddb5-4fa4-a97d-d965ccfc6d4b" outcome="Passed" testListId="8c84fa94-04c1-424b-9868-57a2d4851a1d">
      <Output>
        <StdOut>Test Passed
A .NET Framework error occurred during execution of user-defined routine or aggregate "Polygon": 
System.ArgumentException: Invalid Polygon. Provide more then 3 vertices.
System.ArgumentException: 
   w Polygon.Parse(SqlString value)
.
The statement has been terminated.</StdOut>
      </Output>
    </UnitTestResult>
    <UnitTestResult executionId="11b05df0-ba69-4882-bb4a-ba7280d2a420" testId="f314c195-ac22-0b37-d4cb-c3d78603d852" testName="TestAreaOfPolygon" computerName="MSSQLSERVER008" duration="00:00:00.0035507" startTime="2022-06-11T19:55:30.6668918+02:00" endTime="2022-06-11T19:55:30.6728918+02:00" testType="13cdc9d9-ddb5-4fa4-a97d-d965ccfc6d4b" outcome="Failed" testListId="8c84fa94-04c1-424b-9868-57a2d4851a1d">
      <Output>
        <ErrorInfo>
          <Message>Assert.AreEqual failed. Expected:&lt;8&gt;. Actual:&lt;1&gt;. </Message>
          <StackTrace>   w TwoDimensionalUnitTests.PolygonTests.TestAreaOfPolygon() w C:\Users\Administrator\Pictures\Projekt_BD2_nr1\Projekt_BD2_nr1\Projekt_BD2_nr1\TwoDimensionalTypeData\TwoDimensionalUnitTests\PolygonTests.cs:wiersz 132
</StackTrace>
        </ErrorInfo>
      </Output>
    </UnitTestResult>
    <UnitTestResult executionId="c54887d6-7146-4036-9630-a7e1a18f384e" testId="f4679840-e4d2-7c15-7c41-edc70f922329" testName="TestGetXFromPoint" computerName="MSSQLSERVER008" duration="00:00:00.0026558" startTime="2022-06-11T19:55:30.6838918+02:00" endTime="2022-06-11T19:55:30.6898918+02:00" testType="13cdc9d9-ddb5-4fa4-a97d-d965ccfc6d4b" outcome="Passed" testListId="8c84fa94-04c1-424b-9868-57a2d4851a1d">
      <Output>
      </Output>
    </UnitTestResult>
  </Results>
</TestRun>